<?xml version="1.0" encoding="UTF-8"?>
<!-- Generated by org.testng.reporters.JUnitXMLReporter -->
<testsuite ignored="0" hostname="LAPTOP-O7BRKD6N" failures="1" tests="1" name="Test" time="26.977" errors="0" timestamp="2022-11-30T09:34:19 IST">
  <testcase classname="com.ce.TestCases.CourseEraTest" name="CourseEra" time="25.495">
    <failure type="java.lang.AssertionError" message="expected [Meta Front-End Developer Professional Certificate | Course] but found [Meta Front-End Developer Professional Certificate | Coursera]">
      <![CDATA[java.lang.AssertionError: expected [Meta Front-End Developer Professional Certificate | Course] but found [Meta Front-End Developer Professional Certificate | Coursera]
at com.ce.TestCases.CourseEraTest.CourseEra(CourseEraTest.java:82)
at java.base/java.util.ArrayList.forEach(ArrayList.java:1510)
... Removed 33 stack frames]]>
    </failure>
  </testcase> <!-- CourseEra -->
</testsuite> <!-- Test -->
