<?xml version="1.0" encoding="UTF-8"?>
<testng-results ignored="0" total="1" passed="1" failed="0" skipped="0">
  <reporter-output>
  </reporter-output>
  <suite started-at="2022-11-30T10:17:46 IST" name="Default suite" finished-at="2022-11-30T10:18:26 IST" duration-ms="39617">
    <groups>
    </groups>
    <test started-at="2022-11-30T10:17:46 IST" name="Default test" finished-at="2022-11-30T10:18:26 IST" duration-ms="39617">
      <class name="com.ce.TestCases.CourseEraTest">
        <test-method signature="CourseEra()[pri:0, instance:com.ce.TestCases.CourseEraTest@3c9168dc]" started-at="2022-11-30T10:17:46 IST" name="CourseEra" finished-at="2022-11-30T10:18:25 IST" duration-ms="38664" status="PASS">
          <reporter-output>
          </reporter-output>
        </test-method> <!-- CourseEra -->
        <test-method is-config="true" signature="TearDown()[pri:0, instance:com.ce.TestCases.CourseEraTest@3c9168dc]" started-at="2022-11-30T10:18:25 IST" name="TearDown" finished-at="2022-11-30T10:18:26 IST" duration-ms="889" status="PASS">
          <reporter-output>
          </reporter-output>
        </test-method> <!-- TearDown -->
      </class> <!-- com.ce.TestCases.CourseEraTest -->
    </test> <!-- Default test -->
  </suite> <!-- Default suite -->
</testng-results>
